<?xml version="1.0" encoding="utf-8"?><testsuites name="pytest tests"><testsuite name="pytest" errors="0" failures="0" skipped="0" tests="21" time="15.552" timestamp="2026-02-28T09:50:40.125286+00:00" hostname="agent-env-398bb467-fed9-4d2a-99d8-6af6d844af63"><testcase classname="backend.tests.test_iteration_6.TestAuth" name="test_admin_login" time="0.582" /><testcase classname="backend.tests.test_iteration_6.TestAuth" name="test_client_login" time="0.515" /><testcase classname="backend.tests.test_iteration_6.TestDashboard" name="test_admin_overview_stats" time="0.767" /><testcase classname="backend.tests.test_iteration_6.TestDashboard" name="test_client_overview_stats" time="0.728" /><testcase classname="backend.tests.test_iteration_6.TestClientsList" name="test_admin_get_clients" time="0.737" /><testcase classname="backend.tests.test_iteration_6.TestClientsList" name="test_admin_get_client_detail" time="0.723" /><testcase classname="backend.tests.test_iteration_6.TestSerpAnalysis" name="test_serp_search_endpoint_exists" time="0.731" /><testcase classname="backend.tests.test_iteration_6.TestSerpAnalysis" name="test_serp_search_validation" time="0.730" /><testcase classname="backend.tests.test_iteration_6.TestWebsiteScraping" name="test_scrape_website_endpoint_exists" time="1.005" /><testcase classname="backend.tests.test_iteration_6.TestWebsiteScraping" name="test_scrape_website_validation" time="0.717" /><testcase classname="backend.tests.test_iteration_6.TestGSCIntegration" name="test_gsc_config_save" time="0.734" /><testcase classname="backend.tests.test_iteration_6.TestGSCIntegration" name="test_gsc_authorize_endpoint" time="1.236" /><testcase classname="backend.tests.test_iteration_6.TestGSCIntegration" name="test_gsc_disconnect" time="0.705" /><testcase classname="backend.tests.test_iteration_6.TestGSCIntegration" name="test_gsc_data_without_connection" time="0.978" /><testcase classname="backend.tests.test_iteration_6.TestClientSimpleGenerator" name="test_simple_generate_requires_auth" time="0.251" /><testcase classname="backend.tests.test_iteration_6.TestClientSimpleGenerator" name="test_simple_generate_validation" time="0.715" /><testcase classname="backend.tests.test_iteration_6.TestClientSimpleGenerator" name="test_simple_generate_no_llm_error" time="0.728" /><testcase classname="backend.tests.test_iteration_6.TestConfigurationTabs" name="test_client_config_with_all_sections" time="0.726" /><testcase classname="backend.tests.test_iteration_6.TestConfigurationTabs" name="test_update_knowledge_base" time="0.705" /><testcase classname="backend.tests.test_iteration_6.TestArticles" name="test_get_articles" time="0.729" /><testcase classname="backend.tests.test_iteration_6.TestArticles" name="test_client_get_own_articles" time="0.730" /></testsuite></testsuites>