<?xml version="1.0" encoding="utf-8"?><testsuites name="pytest tests"><testsuite name="pytest" errors="0" failures="0" skipped="0" tests="12" time="2.621" timestamp="2026-02-27T21:28:12.343593+00:00" hostname="agent-env-3166c84f-34f9-4830-83e1-a7cf65ce34b2"><testcase classname="backend.tests.test_iteration_4.TestAdminLogin" name="test_admin_login_success" time="0.529" /><testcase classname="backend.tests.test_iteration_4.TestActivityLogs" name="test_get_all_activity_logs" time="0.481" /><testcase classname="backend.tests.test_iteration_4.TestActivityLogs" name="test_get_activity_logs_with_limit" time="0.163" /><testcase classname="backend.tests.test_iteration_4.TestActivityLogs" name="test_get_activity_logs_by_client" time="0.144" /><testcase classname="backend.tests.test_iteration_4.TestActivityLogs" name="test_activity_log_structure" time="0.112" /><testcase classname="backend.tests.test_iteration_4.TestJobPolling" name="test_get_job_status_existing" time="0.107" /><testcase classname="backend.tests.test_iteration_4.TestJobPolling" name="test_get_job_status_not_found" time="0.108" /><testcase classname="backend.tests.test_iteration_4.TestGenerateAndPublishEndpoint" name="test_generate_and_publish_returns_job_id" time="0.302" /><testcase classname="backend.tests.test_iteration_4.TestClientCombinations" name="test_get_combinations" time="0.102" /><testcase classname="backend.tests.test_iteration_4.TestClientConfiguration" name="test_client_has_llm_config" time="0.109" /><testcase classname="backend.tests.test_iteration_4.TestArticleFullEndpoint" name="test_get_article_full_with_seo_metadata" time="0.253" /><testcase classname="backend.tests.test_iteration_4.TestLLMProviders" name="test_get_llm_providers" time="0.097" /></testsuite></testsuites>