<?xml version="1.0" encoding="utf-8"?><testsuites name="pytest tests"><testsuite name="pytest" errors="0" failures="0" skipped="0" tests="13" time="2.881" timestamp="2026-02-28T09:07:04.425141+00:00" hostname="agent-env-3166c84f-34f9-4830-83e1-a7cf65ce34b2"><testcase classname="tests.test_content_strategy.TestContentStrategyModel" name="test_content_strategy_exists_in_client" time="0.599" /><testcase classname="tests.test_content_strategy.TestContentStrategyModel" name="test_content_strategy_has_required_fields" time="0.152" /><testcase classname="tests.test_content_strategy.TestContentStrategyModel" name="test_content_strategy_values" time="0.161" /><testcase classname="tests.test_content_strategy.TestConfigurationMerge" name="test_combinations_preserved_after_strategy_save" time="0.149" /><testcase classname="tests.test_content_strategy.TestConfigurationMerge" name="test_all_config_sections_preserved" time="0.145" /><testcase classname="tests.test_content_strategy.TestConfigurationMerge" name="test_update_content_strategy_preserves_combinations" time="0.459" /><testcase classname="tests.test_content_strategy.TestGenerateAndPublishModelStructure" name="test_model_accepts_content_type_field" time="0.157" /><testcase classname="tests.test_content_strategy.TestGenerateAndPublishModelStructure" name="test_model_accepts_brief_override_field" time="0.160" /><testcase classname="tests.test_content_strategy.TestAllConfigurationTabsData" name="test_configuration_key_exists" time="0.211" /><testcase classname="tests.test_content_strategy.TestAllConfigurationTabsData" name="test_keyword_combinations_section" time="0.148" /><testcase classname="tests.test_content_strategy.TestAllConfigurationTabsData" name="test_content_strategy_section" time="0.152" /><testcase classname="tests.test_content_strategy.TestActivityLog" name="test_activity_log_endpoint" time="0.172" /><testcase classname="tests.test_content_strategy.TestCombinationsEndpoint" name="test_combinations_endpoint" time="0.152" /></testsuite></testsuites>