<?xml version="1.0" encoding="utf-8"?><testsuites name="pytest tests"><testsuite name="pytest" errors="0" failures="0" skipped="1" tests="19" time="8.887" timestamp="2026-02-27T20:51:46.876136+00:00" hostname="agent-env-3166c84f-34f9-4830-83e1-a7cf65ce34b2"><testcase classname="backend.tests.test_seo_engine_api.TestAuthEndpoints" name="test_admin_login_success" time="0.563" /><testcase classname="backend.tests.test_seo_engine_api.TestAuthEndpoints" name="test_admin_login_invalid_credentials" time="0.346" /><testcase classname="backend.tests.test_seo_engine_api.TestAuthEndpoints" name="test_client_login_attempt" time="0.343"><skipped type="pytest.skip" message="Client password might be different. Status: 401">/app/backend/tests/test_seo_engine_api.py:74: Client password might be different. Status: 401</skipped></testcase><testcase classname="backend.tests.test_seo_engine_api.TestDashboardStats" name="test_overview_stats" time="0.467" /><testcase classname="backend.tests.test_seo_engine_api.TestClientsEndpoints" name="test_get_clients_list" time="0.456" /><testcase classname="backend.tests.test_seo_engine_api.TestClientsEndpoints" name="test_get_specific_client" time="0.546" /><testcase classname="backend.tests.test_seo_engine_api.TestArticlesEndpoints" name="test_get_articles_list" time="0.433" /><testcase classname="backend.tests.test_seo_engine_api.TestArticlesEndpoints" name="test_get_articles_with_status_filter" time="0.483" /><testcase classname="backend.tests.test_seo_engine_api.TestArticlesEndpoints" name="test_get_article_full_with_seo_metadata" time="0.739" /><testcase classname="backend.tests.test_seo_engine_api.TestArticlesEndpoints" name="test_get_specific_test_article_full" time="0.564" /><testcase classname="backend.tests.test_seo_engine_api.TestArticlesEndpoints" name="test_article_basic_vs_full_endpoint_comparison" time="0.784" /><testcase classname="backend.tests.test_seo_engine_api.TestConfigurationEndpoints" name="test_get_client_configuration" time="0.450" /><testcase classname="backend.tests.test_seo_engine_api.TestConfigurationEndpoints" name="test_save_configuration" time="0.535" /><testcase classname="backend.tests.test_seo_engine_api.TestConfigurationEndpoints" name="test_get_keyword_combinations" time="0.441" /><testcase classname="backend.tests.test_seo_engine_api.TestPasswordProtection" name="test_verify_admin_master_password" time="0.459" /><testcase classname="backend.tests.test_seo_engine_api.TestPasswordProtection" name="test_verify_wrong_admin_password" time="0.471" /><testcase classname="backend.tests.test_seo_engine_api.TestPasswordProtection" name="test_verify_prompt_password_with_master" time="0.463" /><testcase classname="backend.tests.test_seo_engine_api.TestLLMProviders" name="test_get_llm_providers" time="0.107" /><testcase classname="backend.tests.test_seo_engine_api.TestHealthAndConnectivity" name="test_api_base_url_accessible" time="0.112" /></testsuite></testsuites>