<?xml version="1.0" encoding="utf-8"?><testsuites name="pytest tests"><testsuite name="pytest" errors="0" failures="0" skipped="0" tests="13" time="10.812" timestamp="2026-02-28T12:31:28.823481+00:00" hostname="agent-env-c0cf27e9-750a-40f4-89c6-e8bfceec5d5f"><testcase classname="tests.test_iteration_7.TestAuth" name="test_login_admin_success" time="0.563" /><testcase classname="tests.test_iteration_7.TestAuth" name="test_login_invalid_credentials" time="0.171" /><testcase classname="tests.test_iteration_7.TestClients" name="test_get_clients_list" time="0.592" /><testcase classname="tests.test_iteration_7.TestClients" name="test_get_client_by_id" time="0.733" /><testcase classname="tests.test_iteration_7.TestClients" name="test_get_client_nonexistent" time="0.542" /><testcase classname="tests.test_iteration_7.TestUsers" name="test_get_users_list" time="0.540" /><testcase classname="tests.test_iteration_7.TestStats" name="test_get_stats_overview" time="0.551" /><testcase classname="tests.test_iteration_7.TestActivityLogs" name="test_get_all_activity_logs" time="0.523" /><testcase classname="tests.test_iteration_7.TestActivityLogs" name="test_get_client_activity_logs" time="0.705" /><testcase classname="tests.test_iteration_7.TestSerpSearch" name="test_serp_search_returns_results" time="3.956" /><testcase classname="tests.test_iteration_7.TestSerpSearch" name="test_serp_search_empty_keyword_rejected" time="0.541" /><testcase classname="tests.test_iteration_7.TestArticles" name="test_get_articles_list" time="0.545" /><testcase classname="tests.test_iteration_7.TestCombinations" name="test_get_combinations" time="0.714" /></testsuite></testsuites>