<?xml version="1.0" encoding="utf-8"?><testsuites name="pytest tests"><testsuite name="pytest" errors="0" failures="0" skipped="0" tests="11" time="9.018" timestamp="2026-02-28T14:10:27.644320+00:00" hostname="agent-env-c0cf27e9-750a-40f4-89c6-e8bfceec5d5f"><testcase classname="backend.tests.test_iteration_10.TestIteration10" name="test_admin_login_returns_token" time="0.805" /><testcase classname="backend.tests.test_iteration_10.TestIteration10" name="test_invalid_credentials_returns_401" time="0.441" /><testcase classname="backend.tests.test_iteration_10.TestIteration10" name="test_client_response_includes_gsc_config" time="0.451" /><testcase classname="backend.tests.test_iteration_10.TestIteration10" name="test_gsc_status_returns_redirect_uri" time="0.461" /><testcase classname="backend.tests.test_iteration_10.TestIteration10" name="test_simple_generate_accepts_gsc_context" time="0.427" /><testcase classname="backend.tests.test_iteration_10.TestIteration10" name="test_simple_generate_accepts_serp_context" time="0.446" /><testcase classname="backend.tests.test_iteration_10.TestIteration10" name="test_simple_generate_with_both_contexts" time="0.438" /><testcase classname="backend.tests.test_iteration_10.TestIteration10" name="test_serp_analyze_full_with_retry" time="4.137" /><testcase classname="backend.tests.test_iteration_10.TestIteration10" name="test_stats_overview_returns_dashboard_data" time="0.451" /><testcase classname="backend.tests.test_iteration_10.TestIteration10" name="test_activity_logs_returns_operations" time="0.448" /><testcase classname="backend.tests.test_iteration_10.TestIteration10" name="test_clients_list_includes_totale_articoli" time="0.449" /></testsuite></testsuites>