<?xml version="1.0" encoding="utf-8"?><testsuites name="pytest tests"><testsuite name="pytest" errors="0" failures="0" skipped="0" tests="15" time="3.545" timestamp="2026-02-28T22:25:02.059222+00:00" hostname="agent-env-9417a97e-15b7-4368-a8f2-91ca3d777e5e"><testcase classname="backend.tests.test_iteration_12.TestHelperFunctions" name="test_sanitize_single_h1_removes_duplicates" time="0.195" /><testcase classname="backend.tests.test_iteration_12.TestHelperFunctions" name="test_sanitize_single_h1_no_change_single" time="0.000" /><testcase classname="backend.tests.test_iteration_12.TestHelperFunctions" name="test_sanitize_single_h1_no_h1" time="0.000" /><testcase classname="backend.tests.test_iteration_12.TestHelperFunctions" name="test_convert_to_gutenberg_blocks_headings" time="0.001" /><testcase classname="backend.tests.test_iteration_12.TestHelperFunctions" name="test_convert_to_gutenberg_blocks_paragraphs" time="0.000" /><testcase classname="backend.tests.test_iteration_12.TestHelperFunctions" name="test_convert_to_gutenberg_blocks_lists" time="0.001" /><testcase classname="backend.tests.test_iteration_12.TestHelperFunctions" name="test_convert_to_gutenberg_removes_duplicate_h1" time="0.000" /><testcase classname="backend.tests.test_iteration_12.TestHelperFunctions" name="test_meta_description_max_155_chars" time="0.000" /><testcase classname="backend.tests.test_iteration_12.TestHelperFunctions" name="test_meta_description_ends_complete_word" time="0.000" /><testcase classname="backend.tests.test_iteration_12.TestHelperFunctions" name="test_meta_description_various_inputs" time="0.000" /><testcase classname="backend.tests.test_iteration_12.TestUploadValidation" name="test_upload_rejects_non_image" time="0.814" /><testcase classname="backend.tests.test_iteration_12.TestUploadValidation" name="test_upload_rejects_large_files" time="0.580" /><testcase classname="backend.tests.test_iteration_12.TestUploadValidation" name="test_upload_accepts_valid_jpg" time="0.535" /><testcase classname="backend.tests.test_iteration_12.TestAPIEndpointsStructure" name="test_simple_generate_endpoint_structure" time="0.613" /><testcase classname="backend.tests.test_iteration_12.TestAPIEndpointsStructure" name="test_auth_endpoints_working" time="0.745" /></testsuite></testsuites>