<?xml version="1.0" encoding="utf-8"?><testsuites name="pytest tests"><testsuite name="pytest" errors="0" failures="0" skipped="0" tests="10" time="7.535" timestamp="2026-02-28T13:48:16.790333+00:00" hostname="agent-env-c0cf27e9-750a-40f4-89c6-e8bfceec5d5f"><testcase classname="backend.tests.test_iteration_9.TestAuthEndpoints" name="test_admin_login_success" time="0.517" /><testcase classname="backend.tests.test_iteration_9.TestAuthEndpoints" name="test_login_invalid_credentials" time="0.111" /><testcase classname="backend.tests.test_iteration_9.TestDashboardEndpoints" name="test_get_clients_list" time="0.490" /><testcase classname="backend.tests.test_iteration_9.TestDashboardEndpoints" name="test_get_stats_overview" time="0.453" /><testcase classname="backend.tests.test_iteration_9.TestDashboardEndpoints" name="test_get_activity_logs" time="0.495" /><testcase classname="backend.tests.test_iteration_9.TestGSCEndpoints" name="test_gsc_status_returns_redirect_uri" time="0.438" /><testcase classname="backend.tests.test_iteration_9.TestSERPEndpoints" name="test_serp_analyze_full_returns_results" time="3.432" /><testcase classname="backend.tests.test_iteration_9.TestArticlesEndpoints" name="test_simple_generate_with_client_id" time="0.469" /><testcase classname="backend.tests.test_iteration_9.TestArticlesEndpoints" name="test_get_articles_for_client" time="0.516" /><testcase classname="backend.tests.test_iteration_9.TestUsersEndpoints" name="test_get_users_list" time="0.461" /></testsuite></testsuites>