<?xml version="1.0" encoding="utf-8"?><testsuites name="pytest tests"><testsuite name="pytest" errors="0" failures="0" skipped="0" tests="14" time="7.759" timestamp="2026-02-28T21:42:13.038911+00:00" hostname="agent-env-9417a97e-15b7-4368-a8f2-91ca3d777e5e"><testcase classname="tests.test_iteration_11.TestUploadEndpoints" name="test_upload_without_token_returns_401" time="0.203" /><testcase classname="tests.test_iteration_11.TestUploadEndpoints" name="test_upload_invalid_format_returns_400" time="0.598" /><testcase classname="tests.test_iteration_11.TestUploadEndpoints" name="test_upload_file_too_large_returns_400" time="0.402" /><testcase classname="tests.test_iteration_11.TestUploadEndpoints" name="test_upload_valid_jpg_returns_success" time="0.612" /><testcase classname="tests.test_iteration_11.TestUploadEndpoints" name="test_retrieve_uploaded_file" time="0.739" /><testcase classname="tests.test_iteration_11.TestUploadEndpoints" name="test_retrieve_nonexistent_file_returns_404" time="0.151" /><testcase classname="tests.test_iteration_11.TestContentTypeInGeneration" name="test_simple_generate_accepts_content_type" time="1.108" /><testcase classname="tests.test_iteration_11.TestContentTypeInGeneration" name="test_simple_generate_accepts_image_ids" time="0.139" /><testcase classname="tests.test_iteration_11.TestContentTypeInGeneration" name="test_generate_and_publish_accepts_content_type" time="0.448" /><testcase classname="tests.test_iteration_11.TestExistingFunctionality" name="test_admin_login" time="0.402" /><testcase classname="tests.test_iteration_11.TestExistingFunctionality" name="test_client_login" time="0.372" /><testcase classname="tests.test_iteration_11.TestExistingFunctionality" name="test_get_clients_list" time="0.629" /><testcase classname="tests.test_iteration_11.TestExistingFunctionality" name="test_get_articles_list" time="0.186" /><testcase classname="tests.test_iteration_11.TestExistingFunctionality" name="test_serp_analyze_full" time="1.649" /></testsuite></testsuites>