<?xml version="1.0" encoding="utf-8"?><testsuites name="pytest tests"><testsuite name="pytest" errors="0" failures="0" skipped="0" tests="12" time="6.194" timestamp="2026-02-28T13:03:36.229228+00:00" hostname="agent-env-c0cf27e9-750a-40f4-89c6-e8bfceec5d5f"><testcase classname="backend.tests.test_iteration_8.TestAuthEndpoints" name="test_admin_login_success" time="0.384" /><testcase classname="backend.tests.test_iteration_8.TestAuthEndpoints" name="test_login_invalid_credentials" time="0.105" /><testcase classname="backend.tests.test_iteration_8.TestSimpleGenerateEndpoint" name="test_simple_generate_with_client_id_for_admin" time="0.442" /><testcase classname="backend.tests.test_iteration_8.TestSimpleGenerateEndpoint" name="test_simple_generate_without_client_id_for_admin_fails" time="0.111" /><testcase classname="backend.tests.test_iteration_8.TestSerpAnalyzeFullEndpoint" name="test_serp_analyze_full_returns_competitors" time="2.419" /><testcase classname="backend.tests.test_iteration_8.TestSerpAnalyzeFullEndpoint" name="test_serp_analyze_full_empty_keyword_fails" time="0.113" /><testcase classname="backend.tests.test_iteration_8.TestExistingSerpSearchEndpoint" name="test_serp_search_returns_results" time="1.981" /><testcase classname="backend.tests.test_iteration_8.TestClientsEndpoints" name="test_get_clients" time="0.124" /><testcase classname="backend.tests.test_iteration_8.TestClientsEndpoints" name="test_get_specific_client" time="0.114" /><testcase classname="backend.tests.test_iteration_8.TestActivityLogs" name="test_get_all_activity_logs" time="0.100" /><testcase classname="backend.tests.test_iteration_8.TestActivityLogs" name="test_get_client_activity_logs" time="0.108" /><testcase classname="backend.tests.test_iteration_8.TestStatsOverview" name="test_get_stats_overview" time="0.126" /></testsuite></testsuites>