<?xml version="1.0" encoding="utf-8"?><testsuites name="pytest tests"><testsuite name="pytest" errors="0" failures="1" skipped="0" tests="13" time="2.919" timestamp="2026-02-28T09:06:36.215057+00:00" hostname="agent-env-3166c84f-34f9-4830-83e1-a7cf65ce34b2"><testcase classname="tests.test_content_strategy.TestContentStrategyModel" name="test_content_strategy_exists_in_client" time="0.672" /><testcase classname="tests.test_content_strategy.TestContentStrategyModel" name="test_content_strategy_has_required_fields" time="0.156" /><testcase classname="tests.test_content_strategy.TestContentStrategyModel" name="test_content_strategy_values" time="0.145"><failure message="AssertionError: assert '' == 'Marco - Turista'&#10;  &#10;  - Marco - Turista">tests/test_content_strategy.py:96: in test_content_strategy_values
    assert strategy["buyer_persona_nome"] == "Marco - Turista"
E   AssertionError: assert '' == 'Marco - Turista'
E     
E     - Marco - Turista</failure></testcase><testcase classname="tests.test_content_strategy.TestConfigurationMerge" name="test_combinations_preserved_after_strategy_save" time="0.154" /><testcase classname="tests.test_content_strategy.TestConfigurationMerge" name="test_all_config_sections_preserved" time="0.147" /><testcase classname="tests.test_content_strategy.TestConfigurationMerge" name="test_update_content_strategy_preserves_combinations" time="0.472" /><testcase classname="tests.test_content_strategy.TestGenerateAndPublishModelStructure" name="test_model_accepts_content_type_field" time="0.150" /><testcase classname="tests.test_content_strategy.TestGenerateAndPublishModelStructure" name="test_model_accepts_brief_override_field" time="0.159" /><testcase classname="tests.test_content_strategy.TestAllConfigurationTabsData" name="test_configuration_key_exists" time="0.158" /><testcase classname="tests.test_content_strategy.TestAllConfigurationTabsData" name="test_keyword_combinations_section" time="0.154" /><testcase classname="tests.test_content_strategy.TestAllConfigurationTabsData" name="test_content_strategy_section" time="0.157" /><testcase classname="tests.test_content_strategy.TestActivityLog" name="test_activity_log_endpoint" time="0.153" /><testcase classname="tests.test_content_strategy.TestCombinationsEndpoint" name="test_combinations_endpoint" time="0.154" /></testsuite></testsuites>