<?xml version="1.0" encoding="utf-8"?><testsuites name="pytest tests"><testsuite name="pytest" errors="0" failures="0" skipped="0" tests="22" time="11.728" timestamp="2026-02-28T11:44:55.368608+00:00" hostname="agent-env-398bb467-fed9-4d2a-99d8-6af6d844af63"><testcase classname="backend.tests.test_users_management.TestGetUsersEndpoint" name="test_get_users_requires_auth" time="0.222" /><testcase classname="backend.tests.test_users_management.TestGetUsersEndpoint" name="test_get_users_requires_admin" time="0.554" /><testcase classname="backend.tests.test_users_management.TestGetUsersEndpoint" name="test_get_users_admin_success" time="0.543" /><testcase classname="backend.tests.test_users_management.TestGetUsersEndpoint" name="test_users_include_expected_users" time="0.553" /><testcase classname="backend.tests.test_users_management.TestAssignClientEndpoint" name="test_assign_client_requires_auth" time="0.158" /><testcase classname="backend.tests.test_users_management.TestAssignClientEndpoint" name="test_assign_client_requires_admin" time="0.535" /><testcase classname="backend.tests.test_users_management.TestAssignClientEndpoint" name="test_assign_client_invalid_user" time="0.539" /><testcase classname="backend.tests.test_users_management.TestAssignClientEndpoint" name="test_assign_client_invalid_client" time="0.664" /><testcase classname="backend.tests.test_users_management.TestUnassignClientEndpoint" name="test_unassign_client_requires_auth" time="0.159" /><testcase classname="backend.tests.test_users_management.TestUnassignClientEndpoint" name="test_unassign_client_requires_admin" time="0.515" /><testcase classname="backend.tests.test_users_management.TestUnassignClientEndpoint" name="test_unassign_client_requires_user_id" time="0.527" /><testcase classname="backend.tests.test_users_management.TestUnassignClientEndpoint" name="test_unassign_client_invalid_user" time="0.554" /><testcase classname="backend.tests.test_users_management.TestDeleteUserEndpoint" name="test_delete_user_requires_auth" time="0.169" /><testcase classname="backend.tests.test_users_management.TestDeleteUserEndpoint" name="test_delete_user_requires_admin" time="0.580" /><testcase classname="backend.tests.test_users_management.TestDeleteUserEndpoint" name="test_delete_user_invalid_user" time="0.537" /><testcase classname="backend.tests.test_users_management.TestDeleteUserEndpoint" name="test_cannot_delete_admin" time="0.693" /><testcase classname="backend.tests.test_users_management.TestClientSitesEndpoint" name="test_add_site_requires_auth" time="0.160" /><testcase classname="backend.tests.test_users_management.TestClientSitesEndpoint" name="test_add_site_requires_admin" time="0.532" /><testcase classname="backend.tests.test_users_management.TestClientSitesEndpoint" name="test_add_site_requires_url" time="0.524" /><testcase classname="backend.tests.test_users_management.TestUserAssignmentFlow" name="test_full_assignment_flow" time="1.520" /><testcase classname="backend.tests.test_users_management.TestSitiWebField" name="test_client_has_siti_web_field" time="0.566" /><testcase classname="backend.tests.test_users_management.TestSitiWebField" name="test_add_site_to_siti_web" time="0.844" /></testsuite></testsuites>